/scratch/nsk367/anaconda3/envs/vit/lib/python3.8/site-packages/torch/utils/data/dataloader.py:474: UserWarning: This DataLoader will create 4 worker processes in total. Our suggested max number of worker in current system is 1, which is smaller than what this DataLoader is going to create. Please be aware that excessive worker creation might get DataLoader running slow or even freeze, lower the worker number to avoid potential slowness/freeze if necessary.
  warnings.warn(_create_warning_msg(
INFO:lightning:GPU available: True, used: True
INFO:lightning:CUDA_VISIBLE_DEVICES: [0]
INFO:lightning:Set SLURM handle signals.
INFO:lightning:
    | Name                                                    | Type        | Params
------------------------------------------------------------------------------------
0   | _ViT_Trainer__model                                     | ViT         | 85 M  
1   | _ViT_Trainer__model.to_patch_embedding                  | Sequential  | 37 K  
2   | _ViT_Trainer__model.to_patch_embedding.0                | Rearrange   | 0     
3   | _ViT_Trainer__model.to_patch_embedding.1                | Linear      | 37 K  
4   | _ViT_Trainer__model.dropout                             | Dropout     | 0     
5   | _ViT_Trainer__model.transformer                         | Transformer | 85 M  
6   | _ViT_Trainer__model.transformer.layers                  | ModuleList  | 85 M  
7   | _ViT_Trainer__model.transformer.layers.0                | ModuleList  | 7 M   
8   | _ViT_Trainer__model.transformer.layers.0.0              | PreNorm     | 2 M   
9   | _ViT_Trainer__model.transformer.layers.0.0.norm         | LayerNorm   | 1 K   
10  | _ViT_Trainer__model.transformer.layers.0.0.fn           | Attention   | 2 M   
11  | _ViT_Trainer__model.transformer.layers.0.0.fn.to_qkv    | Linear      | 1 M   
12  | _ViT_Trainer__model.transformer.layers.0.0.fn.to_out    | Sequential  | 590 K 
13  | _ViT_Trainer__model.transformer.layers.0.0.fn.to_out.0  | Linear      | 590 K 
14  | _ViT_Trainer__model.transformer.layers.0.0.fn.to_out.1  | Dropout     | 0     
15  | _ViT_Trainer__model.transformer.layers.0.1              | PreNorm     | 4 M   
16  | _ViT_Trainer__model.transformer.layers.0.1.norm         | LayerNorm   | 1 K   
17  | _ViT_Trainer__model.transformer.layers.0.1.fn           | FeedForward | 4 M   
18  | _ViT_Trainer__model.transformer.layers.0.1.fn.net       | Sequential  | 4 M   
19  | _ViT_Trainer__model.transformer.layers.0.1.fn.net.0     | Linear      | 2 M   
20  | _ViT_Trainer__model.transformer.layers.0.1.fn.net.1     | GELU        | 0     
21  | _ViT_Trainer__model.transformer.layers.0.1.fn.net.2     | Dropout     | 0     
22  | _ViT_Trainer__model.transformer.layers.0.1.fn.net.3     | Linear      | 2 M   
23  | _ViT_Trainer__model.transformer.layers.0.1.fn.net.4     | Dropout     | 0     
24  | _ViT_Trainer__model.transformer.layers.1                | ModuleList  | 7 M   
25  | _ViT_Trainer__model.transformer.layers.1.0              | PreNorm     | 2 M   
26  | _ViT_Trainer__model.transformer.layers.1.0.norm         | LayerNorm   | 1 K   
27  | _ViT_Trainer__model.transformer.layers.1.0.fn           | Attention   | 2 M   
28  | _ViT_Trainer__model.transformer.layers.1.0.fn.to_qkv    | Linear      | 1 M   
29  | _ViT_Trainer__model.transformer.layers.1.0.fn.to_out    | Sequential  | 590 K 
30  | _ViT_Trainer__model.transformer.layers.1.0.fn.to_out.0  | Linear      | 590 K 
31  | _ViT_Trainer__model.transformer.layers.1.0.fn.to_out.1  | Dropout     | 0     
32  | _ViT_Trainer__model.transformer.layers.1.1              | PreNorm     | 4 M   
33  | _ViT_Trainer__model.transformer.layers.1.1.norm         | LayerNorm   | 1 K   
34  | _ViT_Trainer__model.transformer.layers.1.1.fn           | FeedForward | 4 M   
35  | _ViT_Trainer__model.transformer.layers.1.1.fn.net       | Sequential  | 4 M   
36  | _ViT_Trainer__model.transformer.layers.1.1.fn.net.0     | Linear      | 2 M   
37  | _ViT_Trainer__model.transformer.layers.1.1.fn.net.1     | GELU        | 0     
38  | _ViT_Trainer__model.transformer.layers.1.1.fn.net.2     | Dropout     | 0     
39  | _ViT_Trainer__model.transformer.layers.1.1.fn.net.3     | Linear      | 2 M   
40  | _ViT_Trainer__model.transformer.layers.1.1.fn.net.4     | Dropout     | 0     
41  | _ViT_Trainer__model.transformer.layers.2                | ModuleList  | 7 M   
42  | _ViT_Trainer__model.transformer.layers.2.0              | PreNorm     | 2 M   
43  | _ViT_Trainer__model.transformer.layers.2.0.norm         | LayerNorm   | 1 K   
44  | _ViT_Trainer__model.transformer.layers.2.0.fn           | Attention   | 2 M   
45  | _ViT_Trainer__model.transformer.layers.2.0.fn.to_qkv    | Linear      | 1 M   
46  | _ViT_Trainer__model.transformer.layers.2.0.fn.to_out    | Sequential  | 590 K 
47  | _ViT_Trainer__model.transformer.layers.2.0.fn.to_out.0  | Linear      | 590 K 
48  | _ViT_Trainer__model.transformer.layers.2.0.fn.to_out.1  | Dropout     | 0     
49  | _ViT_Trainer__model.transformer.layers.2.1              | PreNorm     | 4 M   
50  | _ViT_Trainer__model.transformer.layers.2.1.norm         | LayerNorm   | 1 K   
51  | _ViT_Trainer__model.transformer.layers.2.1.fn           | FeedForward | 4 M   
52  | _ViT_Trainer__model.transformer.layers.2.1.fn.net       | Sequential  | 4 M   
53  | _ViT_Trainer__model.transformer.layers.2.1.fn.net.0     | Linear      | 2 M   
54  | _ViT_Trainer__model.transformer.layers.2.1.fn.net.1     | GELU        | 0     
55  | _ViT_Trainer__model.transformer.layers.2.1.fn.net.2     | Dropout     | 0     
56  | _ViT_Trainer__model.transformer.layers.2.1.fn.net.3     | Linear      | 2 M   
57  | _ViT_Trainer__model.transformer.layers.2.1.fn.net.4     | Dropout     | 0     
58  | _ViT_Trainer__model.transformer.layers.3                | ModuleList  | 7 M   
59  | _ViT_Trainer__model.transformer.layers.3.0              | PreNorm     | 2 M   
60  | _ViT_Trainer__model.transformer.layers.3.0.norm         | LayerNorm   | 1 K   
61  | _ViT_Trainer__model.transformer.layers.3.0.fn           | Attention   | 2 M   
62  | _ViT_Trainer__model.transformer.layers.3.0.fn.to_qkv    | Linear      | 1 M   
63  | _ViT_Trainer__model.transformer.layers.3.0.fn.to_out    | Sequential  | 590 K 
64  | _ViT_Trainer__model.transformer.layers.3.0.fn.to_out.0  | Linear      | 590 K 
65  | _ViT_Trainer__model.transformer.layers.3.0.fn.to_out.1  | Dropout     | 0     
66  | _ViT_Trainer__model.transformer.layers.3.1              | PreNorm     | 4 M   
67  | _ViT_Trainer__model.transformer.layers.3.1.norm         | LayerNorm   | 1 K   
68  | _ViT_Trainer__model.transformer.layers.3.1.fn           | FeedForward | 4 M   
69  | _ViT_Trainer__model.transformer.layers.3.1.fn.net       | Sequential  | 4 M   
70  | _ViT_Trainer__model.transformer.layers.3.1.fn.net.0     | Linear      | 2 M   
71  | _ViT_Trainer__model.transformer.layers.3.1.fn.net.1     | GELU        | 0     
72  | _ViT_Trainer__model.transformer.layers.3.1.fn.net.2     | Dropout     | 0     
73  | _ViT_Trainer__model.transformer.layers.3.1.fn.net.3     | Linear      | 2 M   
74  | _ViT_Trainer__model.transformer.layers.3.1.fn.net.4     | Dropout     | 0     
75  | _ViT_Trainer__model.transformer.layers.4                | ModuleList  | 7 M   
76  | _ViT_Trainer__model.transformer.layers.4.0              | PreNorm     | 2 M   
77  | _ViT_Trainer__model.transformer.layers.4.0.norm         | LayerNorm   | 1 K   
78  | _ViT_Trainer__model.transformer.layers.4.0.fn           | Attention   | 2 M   
79  | _ViT_Trainer__model.transformer.layers.4.0.fn.to_qkv    | Linear      | 1 M   
80  | _ViT_Trainer__model.transformer.layers.4.0.fn.to_out    | Sequential  | 590 K 
81  | _ViT_Trainer__model.transformer.layers.4.0.fn.to_out.0  | Linear      | 590 K 
82  | _ViT_Trainer__model.transformer.layers.4.0.fn.to_out.1  | Dropout     | 0     
83  | _ViT_Trainer__model.transformer.layers.4.1              | PreNorm     | 4 M   
84  | _ViT_Trainer__model.transformer.layers.4.1.norm         | LayerNorm   | 1 K   
85  | _ViT_Trainer__model.transformer.layers.4.1.fn           | FeedForward | 4 M   
86  | _ViT_Trainer__model.transformer.layers.4.1.fn.net       | Sequential  | 4 M   
87  | _ViT_Trainer__model.transformer.layers.4.1.fn.net.0     | Linear      | 2 M   
88  | _ViT_Trainer__model.transformer.layers.4.1.fn.net.1     | GELU        | 0     
89  | _ViT_Trainer__model.transformer.layers.4.1.fn.net.2     | Dropout     | 0     
90  | _ViT_Trainer__model.transformer.layers.4.1.fn.net.3     | Linear      | 2 M   
91  | _ViT_Trainer__model.transformer.layers.4.1.fn.net.4     | Dropout     | 0     
92  | _ViT_Trainer__model.transformer.layers.5                | ModuleList  | 7 M   
93  | _ViT_Trainer__model.transformer.layers.5.0              | PreNorm     | 2 M   
94  | _ViT_Trainer__model.transformer.layers.5.0.norm         | LayerNorm   | 1 K   
95  | _ViT_Trainer__model.transformer.layers.5.0.fn           | Attention   | 2 M   
96  | _ViT_Trainer__model.transformer.layers.5.0.fn.to_qkv    | Linear      | 1 M   
97  | _ViT_Trainer__model.transformer.layers.5.0.fn.to_out    | Sequential  | 590 K 
98  | _ViT_Trainer__model.transformer.layers.5.0.fn.to_out.0  | Linear      | 590 K 
99  | _ViT_Trainer__model.transformer.layers.5.0.fn.to_out.1  | Dropout     | 0     
100 | _ViT_Trainer__model.transformer.layers.5.1              | PreNorm     | 4 M   
101 | _ViT_Trainer__model.transformer.layers.5.1.norm         | LayerNorm   | 1 K   
102 | _ViT_Trainer__model.transformer.layers.5.1.fn           | FeedForward | 4 M   
103 | _ViT_Trainer__model.transformer.layers.5.1.fn.net       | Sequential  | 4 M   
104 | _ViT_Trainer__model.transformer.layers.5.1.fn.net.0     | Linear      | 2 M   
105 | _ViT_Trainer__model.transformer.layers.5.1.fn.net.1     | GELU        | 0     
106 | _ViT_Trainer__model.transformer.layers.5.1.fn.net.2     | Dropout     | 0     
107 | _ViT_Trainer__model.transformer.layers.5.1.fn.net.3     | Linear      | 2 M   
108 | _ViT_Trainer__model.transformer.layers.5.1.fn.net.4     | Dropout     | 0     
109 | _ViT_Trainer__model.transformer.layers.6                | ModuleList  | 7 M   
110 | _ViT_Trainer__model.transformer.layers.6.0              | PreNorm     | 2 M   
111 | _ViT_Trainer__model.transformer.layers.6.0.norm         | LayerNorm   | 1 K   
112 | _ViT_Trainer__model.transformer.layers.6.0.fn           | Attention   | 2 M   
113 | _ViT_Trainer__model.transformer.layers.6.0.fn.to_qkv    | Linear      | 1 M   
114 | _ViT_Trainer__model.transformer.layers.6.0.fn.to_out    | Sequential  | 590 K 
115 | _ViT_Trainer__model.transformer.layers.6.0.fn.to_out.0  | Linear      | 590 K 
116 | _ViT_Trainer__model.transformer.layers.6.0.fn.to_out.1  | Dropout     | 0     
117 | _ViT_Trainer__model.transformer.layers.6.1              | PreNorm     | 4 M   
118 | _ViT_Trainer__model.transformer.layers.6.1.norm         | LayerNorm   | 1 K   
119 | _ViT_Trainer__model.transformer.layers.6.1.fn           | FeedForward | 4 M   
120 | _ViT_Trainer__model.transformer.layers.6.1.fn.net       | Sequential  | 4 M   
121 | _ViT_Trainer__model.transformer.layers.6.1.fn.net.0     | Linear      | 2 M   
122 | _ViT_Trainer__model.transformer.layers.6.1.fn.net.1     | GELU        | 0     
123 | _ViT_Trainer__model.transformer.layers.6.1.fn.net.2     | Dropout     | 0     
124 | _ViT_Trainer__model.transformer.layers.6.1.fn.net.3     | Linear      | 2 M   
125 | _ViT_Trainer__model.transformer.layers.6.1.fn.net.4     | Dropout     | 0     
126 | _ViT_Trainer__model.transformer.layers.7                | ModuleList  | 7 M   
127 | _ViT_Trainer__model.transformer.layers.7.0              | PreNorm     | 2 M   
128 | _ViT_Trainer__model.transformer.layers.7.0.norm         | LayerNorm   | 1 K   
129 | _ViT_Trainer__model.transformer.layers.7.0.fn           | Attention   | 2 M   
130 | _ViT_Trainer__model.transformer.layers.7.0.fn.to_qkv    | Linear      | 1 M   
131 | _ViT_Trainer__model.transformer.layers.7.0.fn.to_out    | Sequential  | 590 K 
132 | _ViT_Trainer__model.transformer.layers.7.0.fn.to_out.0  | Linear      | 590 K 
133 | _ViT_Trainer__model.transformer.layers.7.0.fn.to_out.1  | Dropout     | 0     
134 | _ViT_Trainer__model.transformer.layers.7.1              | PreNorm     | 4 M   
135 | _ViT_Trainer__model.transformer.layers.7.1.norm         | LayerNorm   | 1 K   
136 | _ViT_Trainer__model.transformer.layers.7.1.fn           | FeedForward | 4 M   
137 | _ViT_Trainer__model.transformer.layers.7.1.fn.net       | Sequential  | 4 M   
138 | _ViT_Trainer__model.transformer.layers.7.1.fn.net.0     | Linear      | 2 M   
139 | _ViT_Trainer__model.transformer.layers.7.1.fn.net.1     | GELU        | 0     
140 | _ViT_Trainer__model.transformer.layers.7.1.fn.net.2     | Dropout     | 0     
141 | _ViT_Trainer__model.transformer.layers.7.1.fn.net.3     | Linear      | 2 M   
142 | _ViT_Trainer__model.transformer.layers.7.1.fn.net.4     | Dropout     | 0     
143 | _ViT_Trainer__model.transformer.layers.8                | ModuleList  | 7 M   
144 | _ViT_Trainer__model.transformer.layers.8.0              | PreNorm     | 2 M   
145 | _ViT_Trainer__model.transformer.layers.8.0.norm         | LayerNorm   | 1 K   
146 | _ViT_Trainer__model.transformer.layers.8.0.fn           | Attention   | 2 M   
147 | _ViT_Trainer__model.transformer.layers.8.0.fn.to_qkv    | Linear      | 1 M   
148 | _ViT_Trainer__model.transformer.layers.8.0.fn.to_out    | Sequential  | 590 K 
149 | _ViT_Trainer__model.transformer.layers.8.0.fn.to_out.0  | Linear      | 590 K 
150 | _ViT_Trainer__model.transformer.layers.8.0.fn.to_out.1  | Dropout     | 0     
151 | _ViT_Trainer__model.transformer.layers.8.1              | PreNorm     | 4 M   
152 | _ViT_Trainer__model.transformer.layers.8.1.norm         | LayerNorm   | 1 K   
153 | _ViT_Trainer__model.transformer.layers.8.1.fn           | FeedForward | 4 M   
154 | _ViT_Trainer__model.transformer.layers.8.1.fn.net       | Sequential  | 4 M   
155 | _ViT_Trainer__model.transformer.layers.8.1.fn.net.0     | Linear      | 2 M   
156 | _ViT_Trainer__model.transformer.layers.8.1.fn.net.1     | GELU        | 0     
157 | _ViT_Trainer__model.transformer.layers.8.1.fn.net.2     | Dropout     | 0     
158 | _ViT_Trainer__model.transformer.layers.8.1.fn.net.3     | Linear      | 2 M   
159 | _ViT_Trainer__model.transformer.layers.8.1.fn.net.4     | Dropout     | 0     
160 | _ViT_Trainer__model.transformer.layers.9                | ModuleList  | 7 M   
161 | _ViT_Trainer__model.transformer.layers.9.0              | PreNorm     | 2 M   
162 | _ViT_Trainer__model.transformer.layers.9.0.norm         | LayerNorm   | 1 K   
163 | _ViT_Trainer__model.transformer.layers.9.0.fn           | Attention   | 2 M   
164 | _ViT_Trainer__model.transformer.layers.9.0.fn.to_qkv    | Linear      | 1 M   
165 | _ViT_Trainer__model.transformer.layers.9.0.fn.to_out    | Sequential  | 590 K 
166 | _ViT_Trainer__model.transformer.layers.9.0.fn.to_out.0  | Linear      | 590 K 
167 | _ViT_Trainer__model.transformer.layers.9.0.fn.to_out.1  | Dropout     | 0     
168 | _ViT_Trainer__model.transformer.layers.9.1              | PreNorm     | 4 M   
169 | _ViT_Trainer__model.transformer.layers.9.1.norm         | LayerNorm   | 1 K   
170 | _ViT_Trainer__model.transformer.layers.9.1.fn           | FeedForward | 4 M   
171 | _ViT_Trainer__model.transformer.layers.9.1.fn.net       | Sequential  | 4 M   
172 | _ViT_Trainer__model.transformer.layers.9.1.fn.net.0     | Linear      | 2 M   
173 | _ViT_Trainer__model.transformer.layers.9.1.fn.net.1     | GELU        | 0     
174 | _ViT_Trainer__model.transformer.layers.9.1.fn.net.2     | Dropout     | 0     
175 | _ViT_Trainer__model.transformer.layers.9.1.fn.net.3     | Linear      | 2 M   
176 | _ViT_Trainer__model.transformer.layers.9.1.fn.net.4     | Dropout     | 0     
177 | _ViT_Trainer__model.transformer.layers.10               | ModuleList  | 7 M   
178 | _ViT_Trainer__model.transformer.layers.10.0             | PreNorm     | 2 M   
179 | _ViT_Trainer__model.transformer.layers.10.0.norm        | LayerNorm   | 1 K   
180 | _ViT_Trainer__model.transformer.layers.10.0.fn          | Attention   | 2 M   
181 | _ViT_Trainer__model.transformer.layers.10.0.fn.to_qkv   | Linear      | 1 M   
182 | _ViT_Trainer__model.transformer.layers.10.0.fn.to_out   | Sequential  | 590 K 
183 | _ViT_Trainer__model.transformer.layers.10.0.fn.to_out.0 | Linear      | 590 K 
184 | _ViT_Trainer__model.transformer.layers.10.0.fn.to_out.1 | Dropout     | 0     
185 | _ViT_Trainer__model.transformer.layers.10.1             | PreNorm     | 4 M   
186 | _ViT_Trainer__model.transformer.layers.10.1.norm        | LayerNorm   | 1 K   
187 | _ViT_Trainer__model.transformer.layers.10.1.fn          | FeedForward | 4 M   
188 | _ViT_Trainer__model.transformer.layers.10.1.fn.net      | Sequential  | 4 M   
189 | _ViT_Trainer__model.transformer.layers.10.1.fn.net.0    | Linear      | 2 M   
190 | _ViT_Trainer__model.transformer.layers.10.1.fn.net.1    | GELU        | 0     
191 | _ViT_Trainer__model.transformer.layers.10.1.fn.net.2    | Dropout     | 0     
192 | _ViT_Trainer__model.transformer.layers.10.1.fn.net.3    | Linear      | 2 M   
193 | _ViT_Trainer__model.transformer.layers.10.1.fn.net.4    | Dropout     | 0     
194 | _ViT_Trainer__model.transformer.layers.11               | ModuleList  | 7 M   
195 | _ViT_Trainer__model.transformer.layers.11.0             | PreNorm     | 2 M   
196 | _ViT_Trainer__model.transformer.layers.11.0.norm        | LayerNorm   | 1 K   
197 | _ViT_Trainer__model.transformer.layers.11.0.fn          | Attention   | 2 M   
198 | _ViT_Trainer__model.transformer.layers.11.0.fn.to_qkv   | Linear      | 1 M   
199 | _ViT_Trainer__model.transformer.layers.11.0.fn.to_out   | Sequential  | 590 K 
200 | _ViT_Trainer__model.transformer.layers.11.0.fn.to_out.0 | Linear      | 590 K 
201 | _ViT_Trainer__model.transformer.layers.11.0.fn.to_out.1 | Dropout     | 0     
202 | _ViT_Trainer__model.transformer.layers.11.1             | PreNorm     | 4 M   
203 | _ViT_Trainer__model.transformer.layers.11.1.norm        | LayerNorm   | 1 K   
204 | _ViT_Trainer__model.transformer.layers.11.1.fn          | FeedForward | 4 M   
205 | _ViT_Trainer__model.transformer.layers.11.1.fn.net      | Sequential  | 4 M   
206 | _ViT_Trainer__model.transformer.layers.11.1.fn.net.0    | Linear      | 2 M   
207 | _ViT_Trainer__model.transformer.layers.11.1.fn.net.1    | GELU        | 0     
208 | _ViT_Trainer__model.transformer.layers.11.1.fn.net.2    | Dropout     | 0     
209 | _ViT_Trainer__model.transformer.layers.11.1.fn.net.3    | Linear      | 2 M   
210 | _ViT_Trainer__model.transformer.layers.11.1.fn.net.4    | Dropout     | 0     
211 | _ViT_Trainer__model.to_latent                           | Identity    | 0     
212 | _ViT_Trainer__model.mlp_head                            | Sequential  | 9 K   
213 | _ViT_Trainer__model.mlp_head.0                          | LayerNorm   | 1 K   
214 | _ViT_Trainer__model.mlp_head.1                          | Linear      | 7 K   
Files already downloaded and verified
Files already downloaded and verified
Validation sanity check: 0it [00:00, ?it/s]/pytorch/aten/src/THCUNN/ClassNLLCriterion.cu:108: cunn_ClassNLLCriterion_updateOutput_kernel: block: [0,0,0], thread: [0,0,0] Assertion `t >= 0 && t < n_classes` failed.
/pytorch/aten/src/THCUNN/ClassNLLCriterion.cu:108: cunn_ClassNLLCriterion_updateOutput_kernel: block: [0,0,0], thread: [1,0,0] Assertion `t >= 0 && t < n_classes` failed.
/pytorch/aten/src/THCUNN/ClassNLLCriterion.cu:108: cunn_ClassNLLCriterion_updateOutput_kernel: block: [0,0,0], thread: [2,0,0] Assertion `t >= 0 && t < n_classes` failed.
/pytorch/aten/src/THCUNN/ClassNLLCriterion.cu:108: cunn_ClassNLLCriterion_updateOutput_kernel: block: [0,0,0], thread: [3,0,0] Assertion `t >= 0 && t < n_classes` failed.
/pytorch/aten/src/THCUNN/ClassNLLCriterion.cu:108: cunn_ClassNLLCriterion_updateOutput_kernel: block: [0,0,0], thread: [4,0,0] Assertion `t >= 0 && t < n_classes` failed.
/pytorch/aten/src/THCUNN/ClassNLLCriterion.cu:108: cunn_ClassNLLCriterion_updateOutput_kernel: block: [0,0,0], thread: [6,0,0] Assertion `t >= 0 && t < n_classes` failed.
/pytorch/aten/src/THCUNN/ClassNLLCriterion.cu:108: cunn_ClassNLLCriterion_updateOutput_kernel: block: [0,0,0], thread: [7,0,0] Assertion `t >= 0 && t < n_classes` failed.
/pytorch/aten/src/THCUNN/ClassNLLCriterion.cu:108: cunn_ClassNLLCriterion_updateOutput_kernel: block: [0,0,0], thread: [8,0,0] Assertion `t >= 0 && t < n_classes` failed.
/pytorch/aten/src/THCUNN/ClassNLLCriterion.cu:108: cunn_ClassNLLCriterion_updateOutput_kernel: block: [0,0,0], thread: [9,0,0] Assertion `t >= 0 && t < n_classes` failed.
/pytorch/aten/src/THCUNN/ClassNLLCriterion.cu:108: cunn_ClassNLLCriterion_updateOutput_kernel: block: [0,0,0], thread: [10,0,0] Assertion `t >= 0 && t < n_classes` failed.
/pytorch/aten/src/THCUNN/ClassNLLCriterion.cu:108: cunn_ClassNLLCriterion_updateOutput_kernel: block: [0,0,0], thread: [11,0,0] Assertion `t >= 0 && t < n_classes` failed.
/pytorch/aten/src/THCUNN/ClassNLLCriterion.cu:108: cunn_ClassNLLCriterion_updateOutput_kernel: block: [0,0,0], thread: [12,0,0] Assertion `t >= 0 && t < n_classes` failed.
/pytorch/aten/src/THCUNN/ClassNLLCriterion.cu:108: cunn_ClassNLLCriterion_updateOutput_kernel: block: [0,0,0], thread: [13,0,0] Assertion `t >= 0 && t < n_classes` failed.
/pytorch/aten/src/THCUNN/ClassNLLCriterion.cu:108: cunn_ClassNLLCriterion_updateOutput_kernel: block: [0,0,0], thread: [14,0,0] Assertion `t >= 0 && t < n_classes` failed.
/pytorch/aten/src/THCUNN/ClassNLLCriterion.cu:108: cunn_ClassNLLCriterion_updateOutput_kernel: block: [0,0,0], thread: [15,0,0] Assertion `t >= 0 && t < n_classes` failed.
/pytorch/aten/src/THCUNN/ClassNLLCriterion.cu:108: cunn_ClassNLLCriterion_updateOutput_kernel: block: [0,0,0], thread: [16,0,0] Assertion `t >= 0 && t < n_classes` failed.
/pytorch/aten/src/THCUNN/ClassNLLCriterion.cu:108: cunn_ClassNLLCriterion_updateOutput_kernel: block: [0,0,0], thread: [17,0,0] Assertion `t >= 0 && t < n_classes` failed.
/pytorch/aten/src/THCUNN/ClassNLLCriterion.cu:108: cunn_ClassNLLCriterion_updateOutput_kernel: block: [0,0,0], thread: [19,0,0] Assertion `t >= 0 && t < n_classes` failed.
/pytorch/aten/src/THCUNN/ClassNLLCriterion.cu:108: cunn_ClassNLLCriterion_updateOutput_kernel: block: [0,0,0], thread: [21,0,0] Assertion `t >= 0 && t < n_classes` failed.
/pytorch/aten/src/THCUNN/ClassNLLCriterion.cu:108: cunn_ClassNLLCriterion_updateOutput_kernel: block: [0,0,0], thread: [22,0,0] Assertion `t >= 0 && t < n_classes` failed.
/pytorch/aten/src/THCUNN/ClassNLLCriterion.cu:108: cunn_ClassNLLCriterion_updateOutput_kernel: block: [0,0,0], thread: [23,0,0] Assertion `t >= 0 && t < n_classes` failed.
/pytorch/aten/src/THCUNN/ClassNLLCriterion.cu:108: cunn_ClassNLLCriterion_updateOutput_kernel: block: [0,0,0], thread: [24,0,0] Assertion `t >= 0 && t < n_classes` failed.
/pytorch/aten/src/THCUNN/ClassNLLCriterion.cu:108: cunn_ClassNLLCriterion_updateOutput_kernel: block: [0,0,0], thread: [25,0,0] Assertion `t >= 0 && t < n_classes` failed.
/pytorch/aten/src/THCUNN/ClassNLLCriterion.cu:108: cunn_ClassNLLCriterion_updateOutput_kernel: block: [0,0,0], thread: [26,0,0] Assertion `t >= 0 && t < n_classes` failed.
/pytorch/aten/src/THCUNN/ClassNLLCriterion.cu:108: cunn_ClassNLLCriterion_updateOutput_kernel: block: [0,0,0], thread: [27,0,0] Assertion `t >= 0 && t < n_classes` failed.
/pytorch/aten/src/THCUNN/ClassNLLCriterion.cu:108: cunn_ClassNLLCriterion_updateOutput_kernel: block: [0,0,0], thread: [28,0,0] Assertion `t >= 0 && t < n_classes` failed.
/pytorch/aten/src/THCUNN/ClassNLLCriterion.cu:108: cunn_ClassNLLCriterion_updateOutput_kernel: block: [0,0,0], thread: [29,0,0] Assertion `t >= 0 && t < n_classes` failed.
/pytorch/aten/src/THCUNN/ClassNLLCriterion.cu:108: cunn_ClassNLLCriterion_updateOutput_kernel: block: [0,0,0], thread: [30,0,0] Assertion `t >= 0 && t < n_classes` failed.
/pytorch/aten/src/THCUNN/ClassNLLCriterion.cu:108: cunn_ClassNLLCriterion_updateOutput_kernel: block: [0,0,0], thread: [31,0,0] Assertion `t >= 0 && t < n_classes` failed.
Traceback (most recent call last):
  File "training_loop.py", line 253, in <module>
    trainer.fit(model)
  File "/scratch/nsk367/anaconda3/envs/vit/lib/python3.8/site-packages/pytorch_lightning/trainer/trainer.py", line 765, in fit
    self.single_gpu_train(model)
  File "/scratch/nsk367/anaconda3/envs/vit/lib/python3.8/site-packages/pytorch_lightning/trainer/distrib_parts.py", line 492, in single_gpu_train
    self.run_pretrain_routine(model)
  File "/scratch/nsk367/anaconda3/envs/vit/lib/python3.8/site-packages/pytorch_lightning/trainer/trainer.py", line 896, in run_pretrain_routine
    eval_results = self._evaluate(model,
  File "/scratch/nsk367/anaconda3/envs/vit/lib/python3.8/site-packages/pytorch_lightning/trainer/evaluation_loop.py", line 278, in _evaluate
    output = self.evaluation_forward(model, batch, batch_idx, dataloader_idx, test_mode)
  File "/scratch/nsk367/anaconda3/envs/vit/lib/python3.8/site-packages/pytorch_lightning/trainer/evaluation_loop.py", line 447, in evaluation_forward
    output = model.validation_step(*args)
  File "training_loop.py", line 99, in validation_step
    y_pred = y_pred.argmax(dim=1).detach().cpu()
RuntimeError: CUDA error: device-side assert triggered
/opt/slurm/data/slurmd/job6205856/slurm_script: line 13: --num_classes: command not found
