/scratch/nsk367/anaconda3/envs/vit/lib/python3.8/site-packages/torch/utils/data/dataloader.py:474: UserWarning: This DataLoader will create 4 worker processes in total. Our suggested max number of worker in current system is 1, which is smaller than what this DataLoader is going to create. Please be aware that excessive worker creation might get DataLoader running slow or even freeze, lower the worker number to avoid potential slowness/freeze if necessary.
  warnings.warn(_create_warning_msg(
INFO:lightning:GPU available: True, used: True
INFO:lightning:CUDA_VISIBLE_DEVICES: [0]
INFO:lightning:Set SLURM handle signals.
INFO:lightning:
    | Name                                                    | Type        | Params
------------------------------------------------------------------------------------
0   | _ViT_Trainer__model                                     | ViT         | 587 M 
1   | _ViT_Trainer__model.to_patch_embedding                  | Sequential  | 62 K  
2   | _ViT_Trainer__model.to_patch_embedding.0                | Rearrange   | 0     
3   | _ViT_Trainer__model.to_patch_embedding.1                | Linear      | 62 K  
4   | _ViT_Trainer__model.dropout                             | Dropout     | 0     
5   | _ViT_Trainer__model.transformer                         | Transformer | 587 M 
6   | _ViT_Trainer__model.transformer.layers                  | ModuleList  | 587 M 
7   | _ViT_Trainer__model.transformer.layers.0                | ModuleList  | 18 M  
8   | _ViT_Trainer__model.transformer.layers.0.0              | PreNorm     | 5 M   
9   | _ViT_Trainer__model.transformer.layers.0.0.norm         | LayerNorm   | 2 K   
10  | _ViT_Trainer__model.transformer.layers.0.0.fn           | Attention   | 5 M   
11  | _ViT_Trainer__model.transformer.layers.0.0.fn.to_qkv    | Linear      | 3 M   
12  | _ViT_Trainer__model.transformer.layers.0.0.fn.to_out    | Sequential  | 1 M   
13  | _ViT_Trainer__model.transformer.layers.0.0.fn.to_out.0  | Linear      | 1 M   
14  | _ViT_Trainer__model.transformer.layers.0.0.fn.to_out.1  | Dropout     | 0     
15  | _ViT_Trainer__model.transformer.layers.0.1              | PreNorm     | 13 M  
16  | _ViT_Trainer__model.transformer.layers.0.1.norm         | LayerNorm   | 2 K   
17  | _ViT_Trainer__model.transformer.layers.0.1.fn           | FeedForward | 13 M  
18  | _ViT_Trainer__model.transformer.layers.0.1.fn.net       | Sequential  | 13 M  
19  | _ViT_Trainer__model.transformer.layers.0.1.fn.net.0     | Linear      | 6 M   
20  | _ViT_Trainer__model.transformer.layers.0.1.fn.net.1     | GELU        | 0     
21  | _ViT_Trainer__model.transformer.layers.0.1.fn.net.2     | Dropout     | 0     
22  | _ViT_Trainer__model.transformer.layers.0.1.fn.net.3     | Linear      | 6 M   
23  | _ViT_Trainer__model.transformer.layers.0.1.fn.net.4     | Dropout     | 0     
24  | _ViT_Trainer__model.transformer.layers.1                | ModuleList  | 18 M  
25  | _ViT_Trainer__model.transformer.layers.1.0              | PreNorm     | 5 M   
26  | _ViT_Trainer__model.transformer.layers.1.0.norm         | LayerNorm   | 2 K   
27  | _ViT_Trainer__model.transformer.layers.1.0.fn           | Attention   | 5 M   
28  | _ViT_Trainer__model.transformer.layers.1.0.fn.to_qkv    | Linear      | 3 M   
29  | _ViT_Trainer__model.transformer.layers.1.0.fn.to_out    | Sequential  | 1 M   
30  | _ViT_Trainer__model.transformer.layers.1.0.fn.to_out.0  | Linear      | 1 M   
31  | _ViT_Trainer__model.transformer.layers.1.0.fn.to_out.1  | Dropout     | 0     
32  | _ViT_Trainer__model.transformer.layers.1.1              | PreNorm     | 13 M  
33  | _ViT_Trainer__model.transformer.layers.1.1.norm         | LayerNorm   | 2 K   
34  | _ViT_Trainer__model.transformer.layers.1.1.fn           | FeedForward | 13 M  
35  | _ViT_Trainer__model.transformer.layers.1.1.fn.net       | Sequential  | 13 M  
36  | _ViT_Trainer__model.transformer.layers.1.1.fn.net.0     | Linear      | 6 M   
37  | _ViT_Trainer__model.transformer.layers.1.1.fn.net.1     | GELU        | 0     
38  | _ViT_Trainer__model.transformer.layers.1.1.fn.net.2     | Dropout     | 0     
39  | _ViT_Trainer__model.transformer.layers.1.1.fn.net.3     | Linear      | 6 M   
40  | _ViT_Trainer__model.transformer.layers.1.1.fn.net.4     | Dropout     | 0     
41  | _ViT_Trainer__model.transformer.layers.2                | ModuleList  | 18 M  
42  | _ViT_Trainer__model.transformer.layers.2.0              | PreNorm     | 5 M   
43  | _ViT_Trainer__model.transformer.layers.2.0.norm         | LayerNorm   | 2 K   
44  | _ViT_Trainer__model.transformer.layers.2.0.fn           | Attention   | 5 M   
45  | _ViT_Trainer__model.transformer.layers.2.0.fn.to_qkv    | Linear      | 3 M   
46  | _ViT_Trainer__model.transformer.layers.2.0.fn.to_out    | Sequential  | 1 M   
47  | _ViT_Trainer__model.transformer.layers.2.0.fn.to_out.0  | Linear      | 1 M   
48  | _ViT_Trainer__model.transformer.layers.2.0.fn.to_out.1  | Dropout     | 0     
49  | _ViT_Trainer__model.transformer.layers.2.1              | PreNorm     | 13 M  
50  | _ViT_Trainer__model.transformer.layers.2.1.norm         | LayerNorm   | 2 K   
51  | _ViT_Trainer__model.transformer.layers.2.1.fn           | FeedForward | 13 M  
52  | _ViT_Trainer__model.transformer.layers.2.1.fn.net       | Sequential  | 13 M  
53  | _ViT_Trainer__model.transformer.layers.2.1.fn.net.0     | Linear      | 6 M   
54  | _ViT_Trainer__model.transformer.layers.2.1.fn.net.1     | GELU        | 0     
55  | _ViT_Trainer__model.transformer.layers.2.1.fn.net.2     | Dropout     | 0     
56  | _ViT_Trainer__model.transformer.layers.2.1.fn.net.3     | Linear      | 6 M   
57  | _ViT_Trainer__model.transformer.layers.2.1.fn.net.4     | Dropout     | 0     
58  | _ViT_Trainer__model.transformer.layers.3                | ModuleList  | 18 M  
59  | _ViT_Trainer__model.transformer.layers.3.0              | PreNorm     | 5 M   
60  | _ViT_Trainer__model.transformer.layers.3.0.norm         | LayerNorm   | 2 K   
61  | _ViT_Trainer__model.transformer.layers.3.0.fn           | Attention   | 5 M   
62  | _ViT_Trainer__model.transformer.layers.3.0.fn.to_qkv    | Linear      | 3 M   
63  | _ViT_Trainer__model.transformer.layers.3.0.fn.to_out    | Sequential  | 1 M   
64  | _ViT_Trainer__model.transformer.layers.3.0.fn.to_out.0  | Linear      | 1 M   
65  | _ViT_Trainer__model.transformer.layers.3.0.fn.to_out.1  | Dropout     | 0     
66  | _ViT_Trainer__model.transformer.layers.3.1              | PreNorm     | 13 M  
67  | _ViT_Trainer__model.transformer.layers.3.1.norm         | LayerNorm   | 2 K   
68  | _ViT_Trainer__model.transformer.layers.3.1.fn           | FeedForward | 13 M  
69  | _ViT_Trainer__model.transformer.layers.3.1.fn.net       | Sequential  | 13 M  
70  | _ViT_Trainer__model.transformer.layers.3.1.fn.net.0     | Linear      | 6 M   
71  | _ViT_Trainer__model.transformer.layers.3.1.fn.net.1     | GELU        | 0     
72  | _ViT_Trainer__model.transformer.layers.3.1.fn.net.2     | Dropout     | 0     
73  | _ViT_Trainer__model.transformer.layers.3.1.fn.net.3     | Linear      | 6 M   
74  | _ViT_Trainer__model.transformer.layers.3.1.fn.net.4     | Dropout     | 0     
75  | _ViT_Trainer__model.transformer.layers.4                | ModuleList  | 18 M  
76  | _ViT_Trainer__model.transformer.layers.4.0              | PreNorm     | 5 M   
77  | _ViT_Trainer__model.transformer.layers.4.0.norm         | LayerNorm   | 2 K   
78  | _ViT_Trainer__model.transformer.layers.4.0.fn           | Attention   | 5 M   
79  | _ViT_Trainer__model.transformer.layers.4.0.fn.to_qkv    | Linear      | 3 M   
80  | _ViT_Trainer__model.transformer.layers.4.0.fn.to_out    | Sequential  | 1 M   
81  | _ViT_Trainer__model.transformer.layers.4.0.fn.to_out.0  | Linear      | 1 M   
82  | _ViT_Trainer__model.transformer.layers.4.0.fn.to_out.1  | Dropout     | 0     
83  | _ViT_Trainer__model.transformer.layers.4.1              | PreNorm     | 13 M  
84  | _ViT_Trainer__model.transformer.layers.4.1.norm         | LayerNorm   | 2 K   
85  | _ViT_Trainer__model.transformer.layers.4.1.fn           | FeedForward | 13 M  
86  | _ViT_Trainer__model.transformer.layers.4.1.fn.net       | Sequential  | 13 M  
87  | _ViT_Trainer__model.transformer.layers.4.1.fn.net.0     | Linear      | 6 M   
88  | _ViT_Trainer__model.transformer.layers.4.1.fn.net.1     | GELU        | 0     
89  | _ViT_Trainer__model.transformer.layers.4.1.fn.net.2     | Dropout     | 0     
90  | _ViT_Trainer__model.transformer.layers.4.1.fn.net.3     | Linear      | 6 M   
91  | _ViT_Trainer__model.transformer.layers.4.1.fn.net.4     | Dropout     | 0     
92  | _ViT_Trainer__model.transformer.layers.5                | ModuleList  | 18 M  
93  | _ViT_Trainer__model.transformer.layers.5.0              | PreNorm     | 5 M   
94  | _ViT_Trainer__model.transformer.layers.5.0.norm         | LayerNorm   | 2 K   
95  | _ViT_Trainer__model.transformer.layers.5.0.fn           | Attention   | 5 M   
96  | _ViT_Trainer__model.transformer.layers.5.0.fn.to_qkv    | Linear      | 3 M   
97  | _ViT_Trainer__model.transformer.layers.5.0.fn.to_out    | Sequential  | 1 M   
98  | _ViT_Trainer__model.transformer.layers.5.0.fn.to_out.0  | Linear      | 1 M   
99  | _ViT_Trainer__model.transformer.layers.5.0.fn.to_out.1  | Dropout     | 0     
100 | _ViT_Trainer__model.transformer.layers.5.1              | PreNorm     | 13 M  
101 | _ViT_Trainer__model.transformer.layers.5.1.norm         | LayerNorm   | 2 K   
102 | _ViT_Trainer__model.transformer.layers.5.1.fn           | FeedForward | 13 M  
103 | _ViT_Trainer__model.transformer.layers.5.1.fn.net       | Sequential  | 13 M  
104 | _ViT_Trainer__model.transformer.layers.5.1.fn.net.0     | Linear      | 6 M   
105 | _ViT_Trainer__model.transformer.layers.5.1.fn.net.1     | GELU        | 0     
106 | _ViT_Trainer__model.transformer.layers.5.1.fn.net.2     | Dropout     | 0     
107 | _ViT_Trainer__model.transformer.layers.5.1.fn.net.3     | Linear      | 6 M   
108 | _ViT_Trainer__model.transformer.layers.5.1.fn.net.4     | Dropout     | 0     
109 | _ViT_Trainer__model.transformer.layers.6                | ModuleList  | 18 M  
110 | _ViT_Trainer__model.transformer.layers.6.0              | PreNorm     | 5 M   
111 | _ViT_Trainer__model.transformer.layers.6.0.norm         | LayerNorm   | 2 K   
112 | _ViT_Trainer__model.transformer.layers.6.0.fn           | Attention   | 5 M   
113 | _ViT_Trainer__model.transformer.layers.6.0.fn.to_qkv    | Linear      | 3 M   
114 | _ViT_Trainer__model.transformer.layers.6.0.fn.to_out    | Sequential  | 1 M   
115 | _ViT_Trainer__model.transformer.layers.6.0.fn.to_out.0  | Linear      | 1 M   
116 | _ViT_Trainer__model.transformer.layers.6.0.fn.to_out.1  | Dropout     | 0     
117 | _ViT_Trainer__model.transformer.layers.6.1              | PreNorm     | 13 M  
118 | _ViT_Trainer__model.transformer.layers.6.1.norm         | LayerNorm   | 2 K   
119 | _ViT_Trainer__model.transformer.layers.6.1.fn           | FeedForward | 13 M  
120 | _ViT_Trainer__model.transformer.layers.6.1.fn.net       | Sequential  | 13 M  
121 | _ViT_Trainer__model.transformer.layers.6.1.fn.net.0     | Linear      | 6 M   
122 | _ViT_Trainer__model.transformer.layers.6.1.fn.net.1     | GELU        | 0     
123 | _ViT_Trainer__model.transformer.layers.6.1.fn.net.2     | Dropout     | 0     
124 | _ViT_Trainer__model.transformer.layers.6.1.fn.net.3     | Linear      | 6 M   
125 | _ViT_Trainer__model.transformer.layers.6.1.fn.net.4     | Dropout     | 0     
126 | _ViT_Trainer__model.transformer.layers.7                | ModuleList  | 18 M  
127 | _ViT_Trainer__model.transformer.layers.7.0              | PreNorm     | 5 M   
128 | _ViT_Trainer__model.transformer.layers.7.0.norm         | LayerNorm   | 2 K   
129 | _ViT_Trainer__model.transformer.layers.7.0.fn           | Attention   | 5 M   
130 | _ViT_Trainer__model.transformer.layers.7.0.fn.to_qkv    | Linear      | 3 M   
131 | _ViT_Trainer__model.transformer.layers.7.0.fn.to_out    | Sequential  | 1 M   
132 | _ViT_Trainer__model.transformer.layers.7.0.fn.to_out.0  | Linear      | 1 M   
133 | _ViT_Trainer__model.transformer.layers.7.0.fn.to_out.1  | Dropout     | 0     
134 | _ViT_Trainer__model.transformer.layers.7.1              | PreNorm     | 13 M  
135 | _ViT_Trainer__model.transformer.layers.7.1.norm         | LayerNorm   | 2 K   
136 | _ViT_Trainer__model.transformer.layers.7.1.fn           | FeedForward | 13 M  
137 | _ViT_Trainer__model.transformer.layers.7.1.fn.net       | Sequential  | 13 M  
138 | _ViT_Trainer__model.transformer.layers.7.1.fn.net.0     | Linear      | 6 M   
139 | _ViT_Trainer__model.transformer.layers.7.1.fn.net.1     | GELU        | 0     
140 | _ViT_Trainer__model.transformer.layers.7.1.fn.net.2     | Dropout     | 0     
141 | _ViT_Trainer__model.transformer.layers.7.1.fn.net.3     | Linear      | 6 M   
142 | _ViT_Trainer__model.transformer.layers.7.1.fn.net.4     | Dropout     | 0     
143 | _ViT_Trainer__model.transformer.layers.8                | ModuleList  | 18 M  
144 | _ViT_Trainer__model.transformer.layers.8.0              | PreNorm     | 5 M   
145 | _ViT_Trainer__model.transformer.layers.8.0.norm         | LayerNorm   | 2 K   
146 | _ViT_Trainer__model.transformer.layers.8.0.fn           | Attention   | 5 M   
147 | _ViT_Trainer__model.transformer.layers.8.0.fn.to_qkv    | Linear      | 3 M   
148 | _ViT_Trainer__model.transformer.layers.8.0.fn.to_out    | Sequential  | 1 M   
149 | _ViT_Trainer__model.transformer.layers.8.0.fn.to_out.0  | Linear      | 1 M   
150 | _ViT_Trainer__model.transformer.layers.8.0.fn.to_out.1  | Dropout     | 0     
151 | _ViT_Trainer__model.transformer.layers.8.1              | PreNorm     | 13 M  
152 | _ViT_Trainer__model.transformer.layers.8.1.norm         | LayerNorm   | 2 K   
153 | _ViT_Trainer__model.transformer.layers.8.1.fn           | FeedForward | 13 M  
154 | _ViT_Trainer__model.transformer.layers.8.1.fn.net       | Sequential  | 13 M  
155 | _ViT_Trainer__model.transformer.layers.8.1.fn.net.0     | Linear      | 6 M   
156 | _ViT_Trainer__model.transformer.layers.8.1.fn.net.1     | GELU        | 0     
157 | _ViT_Trainer__model.transformer.layers.8.1.fn.net.2     | Dropout     | 0     
158 | _ViT_Trainer__model.transformer.layers.8.1.fn.net.3     | Linear      | 6 M   
159 | _ViT_Trainer__model.transformer.layers.8.1.fn.net.4     | Dropout     | 0     
160 | _ViT_Trainer__model.transformer.layers.9                | ModuleList  | 18 M  
161 | _ViT_Trainer__model.transformer.layers.9.0              | PreNorm     | 5 M   
162 | _ViT_Trainer__model.transformer.layers.9.0.norm         | LayerNorm   | 2 K   
163 | _ViT_Trainer__model.transformer.layers.9.0.fn           | Attention   | 5 M   
164 | _ViT_Trainer__model.transformer.layers.9.0.fn.to_qkv    | Linear      | 3 M   
165 | _ViT_Trainer__model.transformer.layers.9.0.fn.to_out    | Sequential  | 1 M   
166 | _ViT_Trainer__model.transformer.layers.9.0.fn.to_out.0  | Linear      | 1 M   
167 | _ViT_Trainer__model.transformer.layers.9.0.fn.to_out.1  | Dropout     | 0     
168 | _ViT_Trainer__model.transformer.layers.9.1              | PreNorm     | 13 M  
169 | _ViT_Trainer__model.transformer.layers.9.1.norm         | LayerNorm   | 2 K   
170 | _ViT_Trainer__model.transformer.layers.9.1.fn           | FeedForward | 13 M  
171 | _ViT_Trainer__model.transformer.layers.9.1.fn.net       | Sequential  | 13 M  
172 | _ViT_Trainer__model.transformer.layers.9.1.fn.net.0     | Linear      | 6 M   
173 | _ViT_Trainer__model.transformer.layers.9.1.fn.net.1     | GELU        | 0     
174 | _ViT_Trainer__model.transformer.layers.9.1.fn.net.2     | Dropout     | 0     
175 | _ViT_Trainer__model.transformer.layers.9.1.fn.net.3     | Linear      | 6 M   
176 | _ViT_Trainer__model.transformer.layers.9.1.fn.net.4     | Dropout     | 0     
177 | _ViT_Trainer__model.transformer.layers.10               | ModuleList  | 18 M  
178 | _ViT_Trainer__model.transformer.layers.10.0             | PreNorm     | 5 M   
179 | _ViT_Trainer__model.transformer.layers.10.0.norm        | LayerNorm   | 2 K   
180 | _ViT_Trainer__model.transformer.layers.10.0.fn          | Attention   | 5 M   
181 | _ViT_Trainer__model.transformer.layers.10.0.fn.to_qkv   | Linear      | 3 M   
182 | _ViT_Trainer__model.transformer.layers.10.0.fn.to_out   | Sequential  | 1 M   
183 | _ViT_Trainer__model.transformer.layers.10.0.fn.to_out.0 | Linear      | 1 M   
184 | _ViT_Trainer__model.transformer.layers.10.0.fn.to_out.1 | Dropout     | 0     
185 | _ViT_Trainer__model.transformer.layers.10.1             | PreNorm     | 13 M  
186 | _ViT_Trainer__model.transformer.layers.10.1.norm        | LayerNorm   | 2 K   
187 | _ViT_Trainer__model.transformer.layers.10.1.fn          | FeedForward | 13 M  
188 | _ViT_Trainer__model.transformer.layers.10.1.fn.net      | Sequential  | 13 M  
189 | _ViT_Trainer__model.transformer.layers.10.1.fn.net.0    | Linear      | 6 M   
190 | _ViT_Trainer__model.transformer.layers.10.1.fn.net.1    | GELU        | 0     
191 | _ViT_Trainer__model.transformer.layers.10.1.fn.net.2    | Dropout     | 0     
192 | _ViT_Trainer__model.transformer.layers.10.1.fn.net.3    | Linear      | 6 M   
193 | _ViT_Trainer__model.transformer.layers.10.1.fn.net.4    | Dropout     | 0     
194 | _ViT_Trainer__model.transformer.layers.11               | ModuleList  | 18 M  
195 | _ViT_Trainer__model.transformer.layers.11.0             | PreNorm     | 5 M   
196 | _ViT_Trainer__model.transformer.layers.11.0.norm        | LayerNorm   | 2 K   
197 | _ViT_Trainer__model.transformer.layers.11.0.fn          | Attention   | 5 M   
198 | _ViT_Trainer__model.transformer.layers.11.0.fn.to_qkv   | Linear      | 3 M   
199 | _ViT_Trainer__model.transformer.layers.11.0.fn.to_out   | Sequential  | 1 M   
200 | _ViT_Trainer__model.transformer.layers.11.0.fn.to_out.0 | Linear      | 1 M   
201 | _ViT_Trainer__model.transformer.layers.11.0.fn.to_out.1 | Dropout     | 0     
202 | _ViT_Trainer__model.transformer.layers.11.1             | PreNorm     | 13 M  
203 | _ViT_Trainer__model.transformer.layers.11.1.norm        | LayerNorm   | 2 K   
204 | _ViT_Trainer__model.transformer.layers.11.1.fn          | FeedForward | 13 M  
205 | _ViT_Trainer__model.transformer.layers.11.1.fn.net      | Sequential  | 13 M  
206 | _ViT_Trainer__model.transformer.layers.11.1.fn.net.0    | Linear      | 6 M   
207 | _ViT_Trainer__model.transformer.layers.11.1.fn.net.1    | GELU        | 0     
208 | _ViT_Trainer__model.transformer.layers.11.1.fn.net.2    | Dropout     | 0     
209 | _ViT_Trainer__model.transformer.layers.11.1.fn.net.3    | Linear      | 6 M   
210 | _ViT_Trainer__model.transformer.layers.11.1.fn.net.4    | Dropout     | 0     
211 | _ViT_Trainer__model.transformer.layers.12               | ModuleList  | 18 M  
212 | _ViT_Trainer__model.transformer.layers.12.0             | PreNorm     | 5 M   
213 | _ViT_Trainer__model.transformer.layers.12.0.norm        | LayerNorm   | 2 K   
214 | _ViT_Trainer__model.transformer.layers.12.0.fn          | Attention   | 5 M   
215 | _ViT_Trainer__model.transformer.layers.12.0.fn.to_qkv   | Linear      | 3 M   
216 | _ViT_Trainer__model.transformer.layers.12.0.fn.to_out   | Sequential  | 1 M   
217 | _ViT_Trainer__model.transformer.layers.12.0.fn.to_out.0 | Linear      | 1 M   
218 | _ViT_Trainer__model.transformer.layers.12.0.fn.to_out.1 | Dropout     | 0     
219 | _ViT_Trainer__model.transformer.layers.12.1             | PreNorm     | 13 M  
220 | _ViT_Trainer__model.transformer.layers.12.1.norm        | LayerNorm   | 2 K   
221 | _ViT_Trainer__model.transformer.layers.12.1.fn          | FeedForward | 13 M  
222 | _ViT_Trainer__model.transformer.layers.12.1.fn.net      | Sequential  | 13 M  
223 | _ViT_Trainer__model.transformer.layers.12.1.fn.net.0    | Linear      | 6 M   
224 | _ViT_Trainer__model.transformer.layers.12.1.fn.net.1    | GELU        | 0     
225 | _ViT_Trainer__model.transformer.layers.12.1.fn.net.2    | Dropout     | 0     
226 | _ViT_Trainer__model.transformer.layers.12.1.fn.net.3    | Linear      | 6 M   
227 | _ViT_Trainer__model.transformer.layers.12.1.fn.net.4    | Dropout     | 0     
228 | _ViT_Trainer__model.transformer.layers.13               | ModuleList  | 18 M  
229 | _ViT_Trainer__model.transformer.layers.13.0             | PreNorm     | 5 M   
230 | _ViT_Trainer__model.transformer.layers.13.0.norm        | LayerNorm   | 2 K   
231 | _ViT_Trainer__model.transformer.layers.13.0.fn          | Attention   | 5 M   
232 | _ViT_Trainer__model.transformer.layers.13.0.fn.to_qkv   | Linear      | 3 M   
233 | _ViT_Trainer__model.transformer.layers.13.0.fn.to_out   | Sequential  | 1 M   
234 | _ViT_Trainer__model.transformer.layers.13.0.fn.to_out.0 | Linear      | 1 M   
235 | _ViT_Trainer__model.transformer.layers.13.0.fn.to_out.1 | Dropout     | 0     
236 | _ViT_Trainer__model.transformer.layers.13.1             | PreNorm     | 13 M  
237 | _ViT_Trainer__model.transformer.layers.13.1.norm        | LayerNorm   | 2 K   
238 | _ViT_Trainer__model.transformer.layers.13.1.fn          | FeedForward | 13 M  
239 | _ViT_Trainer__model.transformer.layers.13.1.fn.net      | Sequential  | 13 M  
240 | _ViT_Trainer__model.transformer.layers.13.1.fn.net.0    | Linear      | 6 M   
241 | _ViT_Trainer__model.transformer.layers.13.1.fn.net.1    | GELU        | 0     
242 | _ViT_Trainer__model.transformer.layers.13.1.fn.net.2    | Dropout     | 0     
243 | _ViT_Trainer__model.transformer.layers.13.1.fn.net.3    | Linear      | 6 M   
244 | _ViT_Trainer__model.transformer.layers.13.1.fn.net.4    | Dropout     | 0     
245 | _ViT_Trainer__model.transformer.layers.14               | ModuleList  | 18 M  
246 | _ViT_Trainer__model.transformer.layers.14.0             | PreNorm     | 5 M   
247 | _ViT_Trainer__model.transformer.layers.14.0.norm        | LayerNorm   | 2 K   
248 | _ViT_Trainer__model.transformer.layers.14.0.fn          | Attention   | 5 M   
249 | _ViT_Trainer__model.transformer.layers.14.0.fn.to_qkv   | Linear      | 3 M   
250 | _ViT_Trainer__model.transformer.layers.14.0.fn.to_out   | Sequential  | 1 M   
251 | _ViT_Trainer__model.transformer.layers.14.0.fn.to_out.0 | Linear      | 1 M   
252 | _ViT_Trainer__model.transformer.layers.14.0.fn.to_out.1 | Dropout     | 0     
253 | _ViT_Trainer__model.transformer.layers.14.1             | PreNorm     | 13 M  
254 | _ViT_Trainer__model.transformer.layers.14.1.norm        | LayerNorm   | 2 K   
255 | _ViT_Trainer__model.transformer.layers.14.1.fn          | FeedForward | 13 M  
256 | _ViT_Trainer__model.transformer.layers.14.1.fn.net      | Sequential  | 13 M  
257 | _ViT_Trainer__model.transformer.layers.14.1.fn.net.0    | Linear      | 6 M   
258 | _ViT_Trainer__model.transformer.layers.14.1.fn.net.1    | GELU        | 0     
259 | _ViT_Trainer__model.transformer.layers.14.1.fn.net.2    | Dropout     | 0     
260 | _ViT_Trainer__model.transformer.layers.14.1.fn.net.3    | Linear      | 6 M   
261 | _ViT_Trainer__model.transformer.layers.14.1.fn.net.4    | Dropout     | 0     
262 | _ViT_Trainer__model.transformer.layers.15               | ModuleList  | 18 M  
263 | _ViT_Trainer__model.transformer.layers.15.0             | PreNorm     | 5 M   
264 | _ViT_Trainer__model.transformer.layers.15.0.norm        | LayerNorm   | 2 K   
265 | _ViT_Trainer__model.transformer.layers.15.0.fn          | Attention   | 5 M   
266 | _ViT_Trainer__model.transformer.layers.15.0.fn.to_qkv   | Linear      | 3 M   
267 | _ViT_Trainer__model.transformer.layers.15.0.fn.to_out   | Sequential  | 1 M   
268 | _ViT_Trainer__model.transformer.layers.15.0.fn.to_out.0 | Linear      | 1 M   
269 | _ViT_Trainer__model.transformer.layers.15.0.fn.to_out.1 | Dropout     | 0     
270 | _ViT_Trainer__model.transformer.layers.15.1             | PreNorm     | 13 M  
271 | _ViT_Trainer__model.transformer.layers.15.1.norm        | LayerNorm   | 2 K   
272 | _ViT_Trainer__model.transformer.layers.15.1.fn          | FeedForward | 13 M  
273 | _ViT_Trainer__model.transformer.layers.15.1.fn.net      | Sequential  | 13 M  
274 | _ViT_Trainer__model.transformer.layers.15.1.fn.net.0    | Linear      | 6 M   
275 | _ViT_Trainer__model.transformer.layers.15.1.fn.net.1    | GELU        | 0     
276 | _ViT_Trainer__model.transformer.layers.15.1.fn.net.2    | Dropout     | 0     
277 | _ViT_Trainer__model.transformer.layers.15.1.fn.net.3    | Linear      | 6 M   
278 | _ViT_Trainer__model.transformer.layers.15.1.fn.net.4    | Dropout     | 0     
279 | _ViT_Trainer__model.transformer.layers.16               | ModuleList  | 18 M  
280 | _ViT_Trainer__model.transformer.layers.16.0             | PreNorm     | 5 M   
281 | _ViT_Trainer__model.transformer.layers.16.0.norm        | LayerNorm   | 2 K   
282 | _ViT_Trainer__model.transformer.layers.16.0.fn          | Attention   | 5 M   
283 | _ViT_Trainer__model.transformer.layers.16.0.fn.to_qkv   | Linear      | 3 M   
284 | _ViT_Trainer__model.transformer.layers.16.0.fn.to_out   | Sequential  | 1 M   
285 | _ViT_Trainer__model.transformer.layers.16.0.fn.to_out.0 | Linear      | 1 M   
286 | _ViT_Trainer__model.transformer.layers.16.0.fn.to_out.1 | Dropout     | 0     
287 | _ViT_Trainer__model.transformer.layers.16.1             | PreNorm     | 13 M  
288 | _ViT_Trainer__model.transformer.layers.16.1.norm        | LayerNorm   | 2 K   
289 | _ViT_Trainer__model.transformer.layers.16.1.fn          | FeedForward | 13 M  
290 | _ViT_Trainer__model.transformer.layers.16.1.fn.net      | Sequential  | 13 M  
291 | _ViT_Trainer__model.transformer.layers.16.1.fn.net.0    | Linear      | 6 M   
292 | _ViT_Trainer__model.transformer.layers.16.1.fn.net.1    | GELU        | 0     
293 | _ViT_Trainer__model.transformer.layers.16.1.fn.net.2    | Dropout     | 0     
294 | _ViT_Trainer__model.transformer.layers.16.1.fn.net.3    | Linear      | 6 M   
295 | _ViT_Trainer__model.transformer.layers.16.1.fn.net.4    | Dropout     | 0     
296 | _ViT_Trainer__model.transformer.layers.17               | ModuleList  | 18 M  
297 | _ViT_Trainer__model.transformer.layers.17.0             | PreNorm     | 5 M   
298 | _ViT_Trainer__model.transformer.layers.17.0.norm        | LayerNorm   | 2 K   
299 | _ViT_Trainer__model.transformer.layers.17.0.fn          | Attention   | 5 M   
300 | _ViT_Trainer__model.transformer.layers.17.0.fn.to_qkv   | Linear      | 3 M   
301 | _ViT_Trainer__model.transformer.layers.17.0.fn.to_out   | Sequential  | 1 M   
302 | _ViT_Trainer__model.transformer.layers.17.0.fn.to_out.0 | Linear      | 1 M   
303 | _ViT_Trainer__model.transformer.layers.17.0.fn.to_out.1 | Dropout     | 0     
304 | _ViT_Trainer__model.transformer.layers.17.1             | PreNorm     | 13 M  
305 | _ViT_Trainer__model.transformer.layers.17.1.norm        | LayerNorm   | 2 K   
306 | _ViT_Trainer__model.transformer.layers.17.1.fn          | FeedForward | 13 M  
307 | _ViT_Trainer__model.transformer.layers.17.1.fn.net      | Sequential  | 13 M  
308 | _ViT_Trainer__model.transformer.layers.17.1.fn.net.0    | Linear      | 6 M   
309 | _ViT_Trainer__model.transformer.layers.17.1.fn.net.1    | GELU        | 0     
310 | _ViT_Trainer__model.transformer.layers.17.1.fn.net.2    | Dropout     | 0     
311 | _ViT_Trainer__model.transformer.layers.17.1.fn.net.3    | Linear      | 6 M   
312 | _ViT_Trainer__model.transformer.layers.17.1.fn.net.4    | Dropout     | 0     
313 | _ViT_Trainer__model.transformer.layers.18               | ModuleList  | 18 M  
314 | _ViT_Trainer__model.transformer.layers.18.0             | PreNorm     | 5 M   
315 | _ViT_Trainer__model.transformer.layers.18.0.norm        | LayerNorm   | 2 K   
316 | _ViT_Trainer__model.transformer.layers.18.0.fn          | Attention   | 5 M   
317 | _ViT_Trainer__model.transformer.layers.18.0.fn.to_qkv   | Linear      | 3 M   
318 | _ViT_Trainer__model.transformer.layers.18.0.fn.to_out   | Sequential  | 1 M   
319 | _ViT_Trainer__model.transformer.layers.18.0.fn.to_out.0 | Linear      | 1 M   
320 | _ViT_Trainer__model.transformer.layers.18.0.fn.to_out.1 | Dropout     | 0     
321 | _ViT_Trainer__model.transformer.layers.18.1             | PreNorm     | 13 M  
322 | _ViT_Trainer__model.transformer.layers.18.1.norm        | LayerNorm   | 2 K   
323 | _ViT_Trainer__model.transformer.layers.18.1.fn          | FeedForward | 13 M  
324 | _ViT_Trainer__model.transformer.layers.18.1.fn.net      | Sequential  | 13 M  
325 | _ViT_Trainer__model.transformer.layers.18.1.fn.net.0    | Linear      | 6 M   
326 | _ViT_Trainer__model.transformer.layers.18.1.fn.net.1    | GELU        | 0     
327 | _ViT_Trainer__model.transformer.layers.18.1.fn.net.2    | Dropout     | 0     
328 | _ViT_Trainer__model.transformer.layers.18.1.fn.net.3    | Linear      | 6 M   
329 | _ViT_Trainer__model.transformer.layers.18.1.fn.net.4    | Dropout     | 0     
330 | _ViT_Trainer__model.transformer.layers.19               | ModuleList  | 18 M  
331 | _ViT_Trainer__model.transformer.layers.19.0             | PreNorm     | 5 M   
332 | _ViT_Trainer__model.transformer.layers.19.0.norm        | LayerNorm   | 2 K   
333 | _ViT_Trainer__model.transformer.layers.19.0.fn          | Attention   | 5 M   
334 | _ViT_Trainer__model.transformer.layers.19.0.fn.to_qkv   | Linear      | 3 M   
335 | _ViT_Trainer__model.transformer.layers.19.0.fn.to_out   | Sequential  | 1 M   
336 | _ViT_Trainer__model.transformer.layers.19.0.fn.to_out.0 | Linear      | 1 M   
337 | _ViT_Trainer__model.transformer.layers.19.0.fn.to_out.1 | Dropout     | 0     
338 | _ViT_Trainer__model.transformer.layers.19.1             | PreNorm     | 13 M  
339 | _ViT_Trainer__model.transformer.layers.19.1.norm        | LayerNorm   | 2 K   
340 | _ViT_Trainer__model.transformer.layers.19.1.fn          | FeedForward | 13 M  
341 | _ViT_Trainer__model.transformer.layers.19.1.fn.net      | Sequential  | 13 M  
342 | _ViT_Trainer__model.transformer.layers.19.1.fn.net.0    | Linear      | 6 M   
343 | _ViT_Trainer__model.transformer.layers.19.1.fn.net.1    | GELU        | 0     
344 | _ViT_Trainer__model.transformer.layers.19.1.fn.net.2    | Dropout     | 0     
345 | _ViT_Trainer__model.transformer.layers.19.1.fn.net.3    | Linear      | 6 M   
346 | _ViT_Trainer__model.transformer.layers.19.1.fn.net.4    | Dropout     | 0     
347 | _ViT_Trainer__model.transformer.layers.20               | ModuleList  | 18 M  
348 | _ViT_Trainer__model.transformer.layers.20.0             | PreNorm     | 5 M   
349 | _ViT_Trainer__model.transformer.layers.20.0.norm        | LayerNorm   | 2 K   
350 | _ViT_Trainer__model.transformer.layers.20.0.fn          | Attention   | 5 M   
351 | _ViT_Trainer__model.transformer.layers.20.0.fn.to_qkv   | Linear      | 3 M   
352 | _ViT_Trainer__model.transformer.layers.20.0.fn.to_out   | Sequential  | 1 M   
353 | _ViT_Trainer__model.transformer.layers.20.0.fn.to_out.0 | Linear      | 1 M   
354 | _ViT_Trainer__model.transformer.layers.20.0.fn.to_out.1 | Dropout     | 0     
355 | _ViT_Trainer__model.transformer.layers.20.1             | PreNorm     | 13 M  
356 | _ViT_Trainer__model.transformer.layers.20.1.norm        | LayerNorm   | 2 K   
357 | _ViT_Trainer__model.transformer.layers.20.1.fn          | FeedForward | 13 M  
358 | _ViT_Trainer__model.transformer.layers.20.1.fn.net      | Sequential  | 13 M  
359 | _ViT_Trainer__model.transformer.layers.20.1.fn.net.0    | Linear      | 6 M   
360 | _ViT_Trainer__model.transformer.layers.20.1.fn.net.1    | GELU        | 0     
361 | _ViT_Trainer__model.transformer.layers.20.1.fn.net.2    | Dropout     | 0     
362 | _ViT_Trainer__model.transformer.layers.20.1.fn.net.3    | Linear      | 6 M   
363 | _ViT_Trainer__model.transformer.layers.20.1.fn.net.4    | Dropout     | 0     
364 | _ViT_Trainer__model.transformer.layers.21               | ModuleList  | 18 M  
365 | _ViT_Trainer__model.transformer.layers.21.0             | PreNorm     | 5 M   
366 | _ViT_Trainer__model.transformer.layers.21.0.norm        | LayerNorm   | 2 K   
367 | _ViT_Trainer__model.transformer.layers.21.0.fn          | Attention   | 5 M   
368 | _ViT_Trainer__model.transformer.layers.21.0.fn.to_qkv   | Linear      | 3 M   
369 | _ViT_Trainer__model.transformer.layers.21.0.fn.to_out   | Sequential  | 1 M   
370 | _ViT_Trainer__model.transformer.layers.21.0.fn.to_out.0 | Linear      | 1 M   
371 | _ViT_Trainer__model.transformer.layers.21.0.fn.to_out.1 | Dropout     | 0     
372 | _ViT_Trainer__model.transformer.layers.21.1             | PreNorm     | 13 M  
373 | _ViT_Trainer__model.transformer.layers.21.1.norm        | LayerNorm   | 2 K   
374 | _ViT_Trainer__model.transformer.layers.21.1.fn          | FeedForward | 13 M  
375 | _ViT_Trainer__model.transformer.layers.21.1.fn.net      | Sequential  | 13 M  
376 | _ViT_Trainer__model.transformer.layers.21.1.fn.net.0    | Linear      | 6 M   
377 | _ViT_Trainer__model.transformer.layers.21.1.fn.net.1    | GELU        | 0     
378 | _ViT_Trainer__model.transformer.layers.21.1.fn.net.2    | Dropout     | 0     
379 | _ViT_Trainer__model.transformer.layers.21.1.fn.net.3    | Linear      | 6 M   
380 | _ViT_Trainer__model.transformer.layers.21.1.fn.net.4    | Dropout     | 0     
381 | _ViT_Trainer__model.transformer.layers.22               | ModuleList  | 18 M  
382 | _ViT_Trainer__model.transformer.layers.22.0             | PreNorm     | 5 M   
383 | _ViT_Trainer__model.transformer.layers.22.0.norm        | LayerNorm   | 2 K   
384 | _ViT_Trainer__model.transformer.layers.22.0.fn          | Attention   | 5 M   
385 | _ViT_Trainer__model.transformer.layers.22.0.fn.to_qkv   | Linear      | 3 M   
386 | _ViT_Trainer__model.transformer.layers.22.0.fn.to_out   | Sequential  | 1 M   
387 | _ViT_Trainer__model.transformer.layers.22.0.fn.to_out.0 | Linear      | 1 M   
388 | _ViT_Trainer__model.transformer.layers.22.0.fn.to_out.1 | Dropout     | 0     
389 | _ViT_Trainer__model.transformer.layers.22.1             | PreNorm     | 13 M  
390 | _ViT_Trainer__model.transformer.layers.22.1.norm        | LayerNorm   | 2 K   
391 | _ViT_Trainer__model.transformer.layers.22.1.fn          | FeedForward | 13 M  
392 | _ViT_Trainer__model.transformer.layers.22.1.fn.net      | Sequential  | 13 M  
393 | _ViT_Trainer__model.transformer.layers.22.1.fn.net.0    | Linear      | 6 M   
394 | _ViT_Trainer__model.transformer.layers.22.1.fn.net.1    | GELU        | 0     
395 | _ViT_Trainer__model.transformer.layers.22.1.fn.net.2    | Dropout     | 0     
396 | _ViT_Trainer__model.transformer.layers.22.1.fn.net.3    | Linear      | 6 M   
397 | _ViT_Trainer__model.transformer.layers.22.1.fn.net.4    | Dropout     | 0     
398 | _ViT_Trainer__model.transformer.layers.23               | ModuleList  | 18 M  
399 | _ViT_Trainer__model.transformer.layers.23.0             | PreNorm     | 5 M   
400 | _ViT_Trainer__model.transformer.layers.23.0.norm        | LayerNorm   | 2 K   
401 | _ViT_Trainer__model.transformer.layers.23.0.fn          | Attention   | 5 M   
402 | _ViT_Trainer__model.transformer.layers.23.0.fn.to_qkv   | Linear      | 3 M   
403 | _ViT_Trainer__model.transformer.layers.23.0.fn.to_out   | Sequential  | 1 M   
404 | _ViT_Trainer__model.transformer.layers.23.0.fn.to_out.0 | Linear      | 1 M   
405 | _ViT_Trainer__model.transformer.layers.23.0.fn.to_out.1 | Dropout     | 0     
406 | _ViT_Trainer__model.transformer.layers.23.1             | PreNorm     | 13 M  
407 | _ViT_Trainer__model.transformer.layers.23.1.norm        | LayerNorm   | 2 K   
408 | _ViT_Trainer__model.transformer.layers.23.1.fn          | FeedForward | 13 M  
409 | _ViT_Trainer__model.transformer.layers.23.1.fn.net      | Sequential  | 13 M  
410 | _ViT_Trainer__model.transformer.layers.23.1.fn.net.0    | Linear      | 6 M   
411 | _ViT_Trainer__model.transformer.layers.23.1.fn.net.1    | GELU        | 0     
412 | _ViT_Trainer__model.transformer.layers.23.1.fn.net.2    | Dropout     | 0     
413 | _ViT_Trainer__model.transformer.layers.23.1.fn.net.3    | Linear      | 6 M   
414 | _ViT_Trainer__model.transformer.layers.23.1.fn.net.4    | Dropout     | 0     
415 | _ViT_Trainer__model.transformer.layers.24               | ModuleList  | 18 M  
416 | _ViT_Trainer__model.transformer.layers.24.0             | PreNorm     | 5 M   
417 | _ViT_Trainer__model.transformer.layers.24.0.norm        | LayerNorm   | 2 K   
418 | _ViT_Trainer__model.transformer.layers.24.0.fn          | Attention   | 5 M   
419 | _ViT_Trainer__model.transformer.layers.24.0.fn.to_qkv   | Linear      | 3 M   
420 | _ViT_Trainer__model.transformer.layers.24.0.fn.to_out   | Sequential  | 1 M   
421 | _ViT_Trainer__model.transformer.layers.24.0.fn.to_out.0 | Linear      | 1 M   
422 | _ViT_Trainer__model.transformer.layers.24.0.fn.to_out.1 | Dropout     | 0     
423 | _ViT_Trainer__model.transformer.layers.24.1             | PreNorm     | 13 M  
424 | _ViT_Trainer__model.transformer.layers.24.1.norm        | LayerNorm   | 2 K   
425 | _ViT_Trainer__model.transformer.layers.24.1.fn          | FeedForward | 13 M  
426 | _ViT_Trainer__model.transformer.layers.24.1.fn.net      | Sequential  | 13 M  
427 | _ViT_Trainer__model.transformer.layers.24.1.fn.net.0    | Linear      | 6 M   
428 | _ViT_Trainer__model.transformer.layers.24.1.fn.net.1    | GELU        | 0     
429 | _ViT_Trainer__model.transformer.layers.24.1.fn.net.2    | Dropout     | 0     
430 | _ViT_Trainer__model.transformer.layers.24.1.fn.net.3    | Linear      | 6 M   
431 | _ViT_Trainer__model.transformer.layers.24.1.fn.net.4    | Dropout     | 0     
432 | _ViT_Trainer__model.transformer.layers.25               | ModuleList  | 18 M  
433 | _ViT_Trainer__model.transformer.layers.25.0             | PreNorm     | 5 M   
434 | _ViT_Trainer__model.transformer.layers.25.0.norm        | LayerNorm   | 2 K   
435 | _ViT_Trainer__model.transformer.layers.25.0.fn          | Attention   | 5 M   
436 | _ViT_Trainer__model.transformer.layers.25.0.fn.to_qkv   | Linear      | 3 M   
437 | _ViT_Trainer__model.transformer.layers.25.0.fn.to_out   | Sequential  | 1 M   
438 | _ViT_Trainer__model.transformer.layers.25.0.fn.to_out.0 | Linear      | 1 M   
439 | _ViT_Trainer__model.transformer.layers.25.0.fn.to_out.1 | Dropout     | 0     
440 | _ViT_Trainer__model.transformer.layers.25.1             | PreNorm     | 13 M  
441 | _ViT_Trainer__model.transformer.layers.25.1.norm        | LayerNorm   | 2 K   
442 | _ViT_Trainer__model.transformer.layers.25.1.fn          | FeedForward | 13 M  
443 | _ViT_Trainer__model.transformer.layers.25.1.fn.net      | Sequential  | 13 M  
444 | _ViT_Trainer__model.transformer.layers.25.1.fn.net.0    | Linear      | 6 M   
445 | _ViT_Trainer__model.transformer.layers.25.1.fn.net.1    | GELU        | 0     
446 | _ViT_Trainer__model.transformer.layers.25.1.fn.net.2    | Dropout     | 0     
447 | _ViT_Trainer__model.transformer.layers.25.1.fn.net.3    | Linear      | 6 M   
448 | _ViT_Trainer__model.transformer.layers.25.1.fn.net.4    | Dropout     | 0     
449 | _ViT_Trainer__model.transformer.layers.26               | ModuleList  | 18 M  
450 | _ViT_Trainer__model.transformer.layers.26.0             | PreNorm     | 5 M   
451 | _ViT_Trainer__model.transformer.layers.26.0.norm        | LayerNorm   | 2 K   
452 | _ViT_Trainer__model.transformer.layers.26.0.fn          | Attention   | 5 M   
453 | _ViT_Trainer__model.transformer.layers.26.0.fn.to_qkv   | Linear      | 3 M   
454 | _ViT_Trainer__model.transformer.layers.26.0.fn.to_out   | Sequential  | 1 M   
455 | _ViT_Trainer__model.transformer.layers.26.0.fn.to_out.0 | Linear      | 1 M   
456 | _ViT_Trainer__model.transformer.layers.26.0.fn.to_out.1 | Dropout     | 0     
457 | _ViT_Trainer__model.transformer.layers.26.1             | PreNorm     | 13 M  
458 | _ViT_Trainer__model.transformer.layers.26.1.norm        | LayerNorm   | 2 K   
459 | _ViT_Trainer__model.transformer.layers.26.1.fn          | FeedForward | 13 M  
460 | _ViT_Trainer__model.transformer.layers.26.1.fn.net      | Sequential  | 13 M  
461 | _ViT_Trainer__model.transformer.layers.26.1.fn.net.0    | Linear      | 6 M   
462 | _ViT_Trainer__model.transformer.layers.26.1.fn.net.1    | GELU        | 0     
463 | _ViT_Trainer__model.transformer.layers.26.1.fn.net.2    | Dropout     | 0     
464 | _ViT_Trainer__model.transformer.layers.26.1.fn.net.3    | Linear      | 6 M   
465 | _ViT_Trainer__model.transformer.layers.26.1.fn.net.4    | Dropout     | 0     
466 | _ViT_Trainer__model.transformer.layers.27               | ModuleList  | 18 M  
467 | _ViT_Trainer__model.transformer.layers.27.0             | PreNorm     | 5 M   
468 | _ViT_Trainer__model.transformer.layers.27.0.norm        | LayerNorm   | 2 K   
469 | _ViT_Trainer__model.transformer.layers.27.0.fn          | Attention   | 5 M   
470 | _ViT_Trainer__model.transformer.layers.27.0.fn.to_qkv   | Linear      | 3 M   
471 | _ViT_Trainer__model.transformer.layers.27.0.fn.to_out   | Sequential  | 1 M   
472 | _ViT_Trainer__model.transformer.layers.27.0.fn.to_out.0 | Linear      | 1 M   
473 | _ViT_Trainer__model.transformer.layers.27.0.fn.to_out.1 | Dropout     | 0     
474 | _ViT_Trainer__model.transformer.layers.27.1             | PreNorm     | 13 M  
475 | _ViT_Trainer__model.transformer.layers.27.1.norm        | LayerNorm   | 2 K   
476 | _ViT_Trainer__model.transformer.layers.27.1.fn          | FeedForward | 13 M  
477 | _ViT_Trainer__model.transformer.layers.27.1.fn.net      | Sequential  | 13 M  
478 | _ViT_Trainer__model.transformer.layers.27.1.fn.net.0    | Linear      | 6 M   
479 | _ViT_Trainer__model.transformer.layers.27.1.fn.net.1    | GELU        | 0     
480 | _ViT_Trainer__model.transformer.layers.27.1.fn.net.2    | Dropout     | 0     
481 | _ViT_Trainer__model.transformer.layers.27.1.fn.net.3    | Linear      | 6 M   
482 | _ViT_Trainer__model.transformer.layers.27.1.fn.net.4    | Dropout     | 0     
483 | _ViT_Trainer__model.transformer.layers.28               | ModuleList  | 18 M  
484 | _ViT_Trainer__model.transformer.layers.28.0             | PreNorm     | 5 M   
485 | _ViT_Trainer__model.transformer.layers.28.0.norm        | LayerNorm   | 2 K   
486 | _ViT_Trainer__model.transformer.layers.28.0.fn          | Attention   | 5 M   
487 | _ViT_Trainer__model.transformer.layers.28.0.fn.to_qkv   | Linear      | 3 M   
488 | _ViT_Trainer__model.transformer.layers.28.0.fn.to_out   | Sequential  | 1 M   
489 | _ViT_Trainer__model.transformer.layers.28.0.fn.to_out.0 | Linear      | 1 M   
490 | _ViT_Trainer__model.transformer.layers.28.0.fn.to_out.1 | Dropout     | 0     
491 | _ViT_Trainer__model.transformer.layers.28.1             | PreNorm     | 13 M  
492 | _ViT_Trainer__model.transformer.layers.28.1.norm        | LayerNorm   | 2 K   
493 | _ViT_Trainer__model.transformer.layers.28.1.fn          | FeedForward | 13 M  
494 | _ViT_Trainer__model.transformer.layers.28.1.fn.net      | Sequential  | 13 M  
495 | _ViT_Trainer__model.transformer.layers.28.1.fn.net.0    | Linear      | 6 M   
496 | _ViT_Trainer__model.transformer.layers.28.1.fn.net.1    | GELU        | 0     
497 | _ViT_Trainer__model.transformer.layers.28.1.fn.net.2    | Dropout     | 0     
498 | _ViT_Trainer__model.transformer.layers.28.1.fn.net.3    | Linear      | 6 M   
499 | _ViT_Trainer__model.transformer.layers.28.1.fn.net.4    | Dropout     | 0     
500 | _ViT_Trainer__model.transformer.layers.29               | ModuleList  | 18 M  
501 | _ViT_Trainer__model.transformer.layers.29.0             | PreNorm     | 5 M   
502 | _ViT_Trainer__model.transformer.layers.29.0.norm        | LayerNorm   | 2 K   
503 | _ViT_Trainer__model.transformer.layers.29.0.fn          | Attention   | 5 M   
504 | _ViT_Trainer__model.transformer.layers.29.0.fn.to_qkv   | Linear      | 3 M   
505 | _ViT_Trainer__model.transformer.layers.29.0.fn.to_out   | Sequential  | 1 M   
506 | _ViT_Trainer__model.transformer.layers.29.0.fn.to_out.0 | Linear      | 1 M   
507 | _ViT_Trainer__model.transformer.layers.29.0.fn.to_out.1 | Dropout     | 0     
508 | _ViT_Trainer__model.transformer.layers.29.1             | PreNorm     | 13 M  
509 | _ViT_Trainer__model.transformer.layers.29.1.norm        | LayerNorm   | 2 K   
510 | _ViT_Trainer__model.transformer.layers.29.1.fn          | FeedForward | 13 M  
511 | _ViT_Trainer__model.transformer.layers.29.1.fn.net      | Sequential  | 13 M  
512 | _ViT_Trainer__model.transformer.layers.29.1.fn.net.0    | Linear      | 6 M   
513 | _ViT_Trainer__model.transformer.layers.29.1.fn.net.1    | GELU        | 0     
514 | _ViT_Trainer__model.transformer.layers.29.1.fn.net.2    | Dropout     | 0     
515 | _ViT_Trainer__model.transformer.layers.29.1.fn.net.3    | Linear      | 6 M   
516 | _ViT_Trainer__model.transformer.layers.29.1.fn.net.4    | Dropout     | 0     
517 | _ViT_Trainer__model.transformer.layers.30               | ModuleList  | 18 M  
518 | _ViT_Trainer__model.transformer.layers.30.0             | PreNorm     | 5 M   
519 | _ViT_Trainer__model.transformer.layers.30.0.norm        | LayerNorm   | 2 K   
520 | _ViT_Trainer__model.transformer.layers.30.0.fn          | Attention   | 5 M   
521 | _ViT_Trainer__model.transformer.layers.30.0.fn.to_qkv   | Linear      | 3 M   
522 | _ViT_Trainer__model.transformer.layers.30.0.fn.to_out   | Sequential  | 1 M   
523 | _ViT_Trainer__model.transformer.layers.30.0.fn.to_out.0 | Linear      | 1 M   
524 | _ViT_Trainer__model.transformer.layers.30.0.fn.to_out.1 | Dropout     | 0     
525 | _ViT_Trainer__model.transformer.layers.30.1             | PreNorm     | 13 M  
526 | _ViT_Trainer__model.transformer.layers.30.1.norm        | LayerNorm   | 2 K   
527 | _ViT_Trainer__model.transformer.layers.30.1.fn          | FeedForward | 13 M  
528 | _ViT_Trainer__model.transformer.layers.30.1.fn.net      | Sequential  | 13 M  
529 | _ViT_Trainer__model.transformer.layers.30.1.fn.net.0    | Linear      | 6 M   
530 | _ViT_Trainer__model.transformer.layers.30.1.fn.net.1    | GELU        | 0     
531 | _ViT_Trainer__model.transformer.layers.30.1.fn.net.2    | Dropout     | 0     
532 | _ViT_Trainer__model.transformer.layers.30.1.fn.net.3    | Linear      | 6 M   
533 | _ViT_Trainer__model.transformer.layers.30.1.fn.net.4    | Dropout     | 0     
534 | _ViT_Trainer__model.transformer.layers.31               | ModuleList  | 18 M  
535 | _ViT_Trainer__model.transformer.layers.31.0             | PreNorm     | 5 M   
536 | _ViT_Trainer__model.transformer.layers.31.0.norm        | LayerNorm   | 2 K   
537 | _ViT_Trainer__model.transformer.layers.31.0.fn          | Attention   | 5 M   
538 | _ViT_Trainer__model.transformer.layers.31.0.fn.to_qkv   | Linear      | 3 M   
539 | _ViT_Trainer__model.transformer.layers.31.0.fn.to_out   | Sequential  | 1 M   
540 | _ViT_Trainer__model.transformer.layers.31.0.fn.to_out.0 | Linear      | 1 M   
541 | _ViT_Trainer__model.transformer.layers.31.0.fn.to_out.1 | Dropout     | 0     
542 | _ViT_Trainer__model.transformer.layers.31.1             | PreNorm     | 13 M  
543 | _ViT_Trainer__model.transformer.layers.31.1.norm        | LayerNorm   | 2 K   
544 | _ViT_Trainer__model.transformer.layers.31.1.fn          | FeedForward | 13 M  
545 | _ViT_Trainer__model.transformer.layers.31.1.fn.net      | Sequential  | 13 M  
546 | _ViT_Trainer__model.transformer.layers.31.1.fn.net.0    | Linear      | 6 M   
547 | _ViT_Trainer__model.transformer.layers.31.1.fn.net.1    | GELU        | 0     
548 | _ViT_Trainer__model.transformer.layers.31.1.fn.net.2    | Dropout     | 0     
549 | _ViT_Trainer__model.transformer.layers.31.1.fn.net.3    | Linear      | 6 M   
550 | _ViT_Trainer__model.transformer.layers.31.1.fn.net.4    | Dropout     | 0     
551 | _ViT_Trainer__model.to_latent                           | Identity    | 0     
552 | _ViT_Trainer__model.mlp_head                            | Sequential  | 15 K  
553 | _ViT_Trainer__model.mlp_head.0                          | LayerNorm   | 2 K   
554 | _ViT_Trainer__model.mlp_head.1                          | Linear      | 12 K  
Files already downloaded and verified
Files already downloaded and verified
Validation sanity check: 0it [00:00, ?it/s]WARNING:matplotlib.image:Clipping input data to the valid range for imshow with RGB data ([0..1] for floats or [0..255] for integers).
WARNING:matplotlib.image:Clipping input data to the valid range for imshow with RGB data ([0..1] for floats or [0..255] for integers).
Validation sanity check:  20%|██        | 1/5 [00:04<00:17,  4.45s/it]Validation sanity check:  40%|████      | 2/5 [00:05<00:06,  2.33s/it]Validation sanity check:  60%|██████    | 3/5 [00:06<00:03,  1.66s/it]Validation sanity check:  80%|████████  | 4/5 [00:07<00:01,  1.34s/it]Validation sanity check: 100%|██████████| 5/5 [00:07<00:00,  1.17s/it]                                                                      Training: 0it [00:00, ?it/s]Training:   0%|          | 0/392 [00:00<?, ?it/s]Epoch 1:   0%|          | 0/392 [00:00<?, ?it/s] /scratch/nsk367/anaconda3/envs/vit/lib/python3.8/site-packages/torch/utils/data/dataloader.py:474: UserWarning: This DataLoader will create 4 worker processes in total. Our suggested max number of worker in current system is 1, which is smaller than what this DataLoader is going to create. Please be aware that excessive worker creation might get DataLoader running slow or even freeze, lower the worker number to avoid potential slowness/freeze if necessary.
  warnings.warn(_create_warning_msg(
WARNING:matplotlib.image:Clipping input data to the valid range for imshow with RGB data ([0..1] for floats or [0..255] for integers).
WARNING:matplotlib.image:Clipping input data to the valid range for imshow with RGB data ([0..1] for floats or [0..255] for integers).
Epoch 1:   0%|          | 1/392 [00:03<22:00,  3.38s/it]Epoch 1:   0%|          | 1/392 [00:03<22:00,  3.38s/it, loss=2.539, v_num=6667012]Traceback (most recent call last):
  File "training_loop.py", line 261, in <module>
    trainer.fit(model)
  File "/scratch/nsk367/anaconda3/envs/vit/lib/python3.8/site-packages/pytorch_lightning/trainer/trainer.py", line 765, in fit
    self.single_gpu_train(model)
  File "/scratch/nsk367/anaconda3/envs/vit/lib/python3.8/site-packages/pytorch_lightning/trainer/distrib_parts.py", line 492, in single_gpu_train
    self.run_pretrain_routine(model)
  File "/scratch/nsk367/anaconda3/envs/vit/lib/python3.8/site-packages/pytorch_lightning/trainer/trainer.py", line 913, in run_pretrain_routine
    self.train()
  File "/scratch/nsk367/anaconda3/envs/vit/lib/python3.8/site-packages/pytorch_lightning/trainer/training_loop.py", line 347, in train
    self.run_training_epoch()
  File "/scratch/nsk367/anaconda3/envs/vit/lib/python3.8/site-packages/pytorch_lightning/trainer/training_loop.py", line 419, in run_training_epoch
    _outputs = self.run_training_batch(batch, batch_idx)
  File "/scratch/nsk367/anaconda3/envs/vit/lib/python3.8/site-packages/pytorch_lightning/trainer/training_loop.py", line 596, in run_training_batch
    loss, batch_output = optimizer_closure()
  File "/scratch/nsk367/anaconda3/envs/vit/lib/python3.8/site-packages/pytorch_lightning/trainer/training_loop.py", line 560, in optimizer_closure
    output_dict = self.training_forward(split_batch, batch_idx, opt_idx, self.hiddens)
  File "/scratch/nsk367/anaconda3/envs/vit/lib/python3.8/site-packages/pytorch_lightning/trainer/training_loop.py", line 726, in training_forward
    output = self.model.training_step(*args)
  File "training_loop.py", line 89, in training_step
    train_loss, _, _ = self._run_step( batch, batch_idx,step_name='train')
  File "training_loop.py", line 74, in _run_step
    y_pred = self(img)
  File "/scratch/nsk367/anaconda3/envs/vit/lib/python3.8/site-packages/torch/nn/modules/module.py", line 889, in _call_impl
    result = self.forward(*input, **kwargs)
  File "training_loop.py", line 66, in forward
    y_pred = self.__model(x,rec = self.rec)# returns the predicted class for this dataset.
  File "/scratch/nsk367/anaconda3/envs/vit/lib/python3.8/site-packages/torch/nn/modules/module.py", line 889, in _call_impl
    result = self.forward(*input, **kwargs)
  File "../vit_pytorch/recorder.py", line 14, in inner
    out = fn(model, img, rec = rec, **kwargs)
  File "/scratch/nsk367/SP21/vit-pytorch/vit_pytorch/vit.py", line 118, in forward
    x = self.transformer(x, **kwargs)
  File "/scratch/nsk367/anaconda3/envs/vit/lib/python3.8/site-packages/torch/nn/modules/module.py", line 889, in _call_impl
    result = self.forward(*input, **kwargs)
  File "/scratch/nsk367/SP21/vit-pytorch/vit_pytorch/vit.py", line 76, in forward
    x = attn(x, **kwargs) + x
  File "/scratch/nsk367/anaconda3/envs/vit/lib/python3.8/site-packages/torch/nn/modules/module.py", line 889, in _call_impl
    result = self.forward(*input, **kwargs)
  File "/scratch/nsk367/SP21/vit-pytorch/vit_pytorch/vit.py", line 16, in forward
    return self.fn(self.norm(x), **kwargs)
  File "/scratch/nsk367/anaconda3/envs/vit/lib/python3.8/site-packages/torch/nn/modules/module.py", line 889, in _call_impl
    result = self.forward(*input, **kwargs)
  File "/scratch/nsk367/SP21/vit-pytorch/vit_pytorch/vit.py", line 52, in forward
    dots = einsum('b h i d, b h j d -> b h i j', q, k) * self.scale
  File "/scratch/nsk367/anaconda3/envs/vit/lib/python3.8/site-packages/torch/functional.py", line 408, in einsum
    return _VF.einsum(equation, operands)  # type: ignore
RuntimeError: CUDA out of memory. Tried to allocate 34.00 MiB (GPU 0; 31.75 GiB total capacity; 27.93 GiB already allocated; 33.50 MiB free; 30.40 GiB reserved in total by PyTorch)
/opt/slurm/data/slurmd/job6667012/slurm_script: line 13: --num_classes: command not found
/opt/slurm/data/slurmd/job6667012/slurm_script: line 14: 1280: command not found
